{"D:\\Campus\\4 Sem Files\\Software Engineering - CS3022\\project\\softwareeng-api\\api\\server.js": {"path":"D:\\Campus\\4 Sem Files\\Software Engineering - CS3022\\project\\softwareeng-api\\api\\server.js","statementMap":{"0":{"start":{"line":1,"column":10},"end":{"line":1,"column":26}},"1":{"start":{"line":2,"column":12},"end":{"line":2,"column":42}},"2":{"start":{"line":3,"column":11},"end":{"line":3,"column":26}},"3":{"start":{"line":4,"column":18},"end":{"line":4,"column":40}},"4":{"start":{"line":5,"column":11},"end":{"line":5,"column":52}},"5":{"start":{"line":6,"column":0},"end":{"line":6,"column":22}},"6":{"start":{"line":12,"column":13},"end":{"line":12,"column":35}},"7":{"start":{"line":14,"column":0},"end":{"line":25,"column":4}},"8":{"start":{"line":18,"column":2},"end":{"line":18,"column":22}},"9":{"start":{"line":20,"column":2},"end":{"line":20,"column":30}},"10":{"start":{"line":21,"column":2},"end":{"line":21,"column":38}},"11":{"start":{"line":24,"column":2},"end":{"line":24,"column":59}},"12":{"start":{"line":28,"column":12},"end":{"line":28,"column":29}},"13":{"start":{"line":30,"column":1},"end":{"line":33,"column":2}},"14":{"start":{"line":32,"column":2},"end":{"line":32,"column":13}},"15":{"start":{"line":35,"column":1},"end":{"line":38,"column":2}},"16":{"start":{"line":37,"column":2},"end":{"line":37,"column":14}},"17":{"start":{"line":40,"column":1},"end":{"line":40,"column":14}},"18":{"start":{"line":44,"column":1},"end":{"line":46,"column":2}},"19":{"start":{"line":45,"column":2},"end":{"line":45,"column":14}},"20":{"start":{"line":48,"column":12},"end":{"line":48,"column":70}},"21":{"start":{"line":50,"column":1},"end":{"line":61,"column":2}},"22":{"start":{"line":52,"column":3},"end":{"line":52,"column":57}},"23":{"start":{"line":53,"column":3},"end":{"line":53,"column":19}},"24":{"start":{"line":54,"column":3},"end":{"line":54,"column":9}},"25":{"start":{"line":56,"column":3},"end":{"line":56,"column":46}},"26":{"start":{"line":57,"column":3},"end":{"line":57,"column":19}},"27":{"start":{"line":58,"column":3},"end":{"line":58,"column":9}},"28":{"start":{"line":60,"column":3},"end":{"line":60,"column":15}},"29":{"start":{"line":69,"column":12},"end":{"line":69,"column":28}},"30":{"start":{"line":70,"column":12},"end":{"line":70,"column":75}},"31":{"start":{"line":71,"column":1},"end":{"line":71,"column":31}},"32":{"start":{"line":74,"column":0},"end":{"line":74,"column":24}}},"fnMap":{"0":{"name":"(anonymous_0)","decl":{"start":{"line":16,"column":7},"end":{"line":16,"column":8}},"loc":{"start":{"line":16,"column":13},"end":{"line":22,"column":2}},"line":16},"1":{"name":"(anonymous_1)","decl":{"start":{"line":23,"column":8},"end":{"line":23,"column":9}},"loc":{"start":{"line":23,"column":17},"end":{"line":25,"column":2}},"line":23},"2":{"name":"normalizePort","decl":{"start":{"line":27,"column":9},"end":{"line":27,"column":22}},"loc":{"start":{"line":27,"column":28},"end":{"line":41,"column":1}},"line":27},"3":{"name":"onError","decl":{"start":{"line":43,"column":9},"end":{"line":43,"column":16}},"loc":{"start":{"line":43,"column":24},"end":{"line":62,"column":1}},"line":43},"4":{"name":"onListening","decl":{"start":{"line":68,"column":9},"end":{"line":68,"column":20}},"loc":{"start":{"line":68,"column":23},"end":{"line":72,"column":1}},"line":68}},"branchMap":{"0":{"loc":{"start":{"line":5,"column":25},"end":{"line":5,"column":51}},"type":"binary-expr","locations":[{"start":{"line":5,"column":25},"end":{"line":5,"column":41}},{"start":{"line":5,"column":45},"end":{"line":5,"column":51}}],"line":5},"1":{"loc":{"start":{"line":30,"column":1},"end":{"line":33,"column":2}},"type":"if","locations":[{"start":{"line":30,"column":1},"end":{"line":33,"column":2}},{"start":{"line":30,"column":1},"end":{"line":33,"column":2}}],"line":30},"2":{"loc":{"start":{"line":35,"column":1},"end":{"line":38,"column":2}},"type":"if","locations":[{"start":{"line":35,"column":1},"end":{"line":38,"column":2}},{"start":{"line":35,"column":1},"end":{"line":38,"column":2}}],"line":35},"3":{"loc":{"start":{"line":44,"column":1},"end":{"line":46,"column":2}},"type":"if","locations":[{"start":{"line":44,"column":1},"end":{"line":46,"column":2}},{"start":{"line":44,"column":1},"end":{"line":46,"column":2}}],"line":44},"4":{"loc":{"start":{"line":48,"column":12},"end":{"line":48,"column":70}},"type":"cond-expr","locations":[{"start":{"line":48,"column":39},"end":{"line":48,"column":53}},{"start":{"line":48,"column":56},"end":{"line":48,"column":70}}],"line":48},"5":{"loc":{"start":{"line":50,"column":1},"end":{"line":61,"column":2}},"type":"switch","locations":[{"start":{"line":51,"column":2},"end":{"line":54,"column":9}},{"start":{"line":55,"column":2},"end":{"line":58,"column":9}},{"start":{"line":59,"column":2},"end":{"line":60,"column":15}}],"line":50},"6":{"loc":{"start":{"line":70,"column":12},"end":{"line":70,"column":75}},"type":"cond-expr","locations":[{"start":{"line":70,"column":39},"end":{"line":70,"column":53}},{"start":{"line":70,"column":56},"end":{"line":70,"column":75}}],"line":70}},"s":{"0":3,"1":3,"2":3,"3":3,"4":3,"5":3,"6":3,"7":3,"8":3,"9":3,"10":3,"11":0,"12":3,"13":3,"14":0,"15":3,"16":3,"17":0,"18":0,"19":0,"20":0,"21":0,"22":0,"23":0,"24":0,"25":0,"26":0,"27":0,"28":0,"29":3,"30":3,"31":3,"32":3},"f":{"0":3,"1":0,"2":3,"3":0,"4":3},"b":{"0":[3,3],"1":[0,3],"2":[3,0],"3":[0,0],"4":[0,0],"5":[0,0,0],"6":[0,3]},"_coverageSchema":"1a1c01bbd47fc00a2c39e90264f33305004495a9","hash":"0051be50c2367433255a3c437206cb0ef52ad4f4"}
,"D:\\Campus\\4 Sem Files\\Software Engineering - CS3022\\project\\softwareeng-api\\api\\controlller\\report.controller.js": {"path":"D:\\Campus\\4 Sem Files\\Software Engineering - CS3022\\project\\softwareeng-api\\api\\controlller\\report.controller.js","statementMap":{"0":{"start":{"line":1,"column":23},"end":{"line":1,"column":63}},"1":{"start":{"line":2,"column":16},"end":{"line":2,"column":49}},"2":{"start":{"line":3,"column":15},"end":{"line":3,"column":47}},"3":{"start":{"line":4,"column":20},"end":{"line":4,"column":57}},"4":{"start":{"line":5,"column":22},"end":{"line":5,"column":61}},"5":{"start":{"line":6,"column":22},"end":{"line":6,"column":57}},"6":{"start":{"line":7,"column":69},"end":{"line":7,"column":96}},"7":{"start":{"line":8,"column":26},"end":{"line":8,"column":69}},"8":{"start":{"line":9,"column":15},"end":{"line":9,"column":35}},"9":{"start":{"line":10,"column":24},"end":{"line":10,"column":65}},"10":{"start":{"line":11,"column":17},"end":{"line":11,"column":51}},"11":{"start":{"line":12,"column":28},"end":{"line":12,"column":67}},"12":{"start":{"line":13,"column":24},"end":{"line":13,"column":65}},"13":{"start":{"line":14,"column":13},"end":{"line":14,"column":43}},"14":{"start":{"line":15,"column":11},"end":{"line":15,"column":21}},"15":{"start":{"line":16,"column":16},"end":{"line":16,"column":64}},"16":{"start":{"line":17,"column":14},"end":{"line":17,"column":66}},"17":{"start":{"line":23,"column":0},"end":{"line":32,"column":2}},"18":{"start":{"line":24,"column":16},"end":{"line":24,"column":18}},"19":{"start":{"line":25,"column":1},"end":{"line":31,"column":2}},"20":{"start":{"line":26,"column":2},"end":{"line":26,"column":81}},"21":{"start":{"line":27,"column":2},"end":{"line":27,"column":53}},"22":{"start":{"line":27,"column":36},"end":{"line":27,"column":51}},"23":{"start":{"line":28,"column":2},"end":{"line":28,"column":27}},"24":{"start":{"line":30,"column":2},"end":{"line":30,"column":20}},"25":{"start":{"line":34,"column":0},"end":{"line":43,"column":2}},"26":{"start":{"line":35,"column":20},"end":{"line":35,"column":22}},"27":{"start":{"line":36,"column":1},"end":{"line":42,"column":2}},"28":{"start":{"line":37,"column":2},"end":{"line":37,"column":45}},"29":{"start":{"line":38,"column":2},"end":{"line":38,"column":61}},"30":{"start":{"line":38,"column":44},"end":{"line":38,"column":59}},"31":{"start":{"line":39,"column":2},"end":{"line":39,"column":31}},"32":{"start":{"line":41,"column":2},"end":{"line":41,"column":20}},"33":{"start":{"line":45,"column":0},"end":{"line":54,"column":2}},"34":{"start":{"line":46,"column":23},"end":{"line":46,"column":25}},"35":{"start":{"line":47,"column":1},"end":{"line":53,"column":2}},"36":{"start":{"line":48,"column":2},"end":{"line":48,"column":51}},"37":{"start":{"line":49,"column":2},"end":{"line":49,"column":67}},"38":{"start":{"line":49,"column":50},"end":{"line":49,"column":65}},"39":{"start":{"line":50,"column":2},"end":{"line":50,"column":34}},"40":{"start":{"line":52,"column":2},"end":{"line":52,"column":20}},"41":{"start":{"line":56,"column":0},"end":{"line":82,"column":2}},"42":{"start":{"line":57,"column":15},"end":{"line":57,"column":17}},"43":{"start":{"line":58,"column":1},"end":{"line":81,"column":2}},"44":{"start":{"line":59,"column":2},"end":{"line":71,"column":5}},"45":{"start":{"line":73,"column":2},"end":{"line":76,"column":3}},"46":{"start":{"line":74,"column":3},"end":{"line":74,"column":61}},"47":{"start":{"line":74,"column":33},"end":{"line":74,"column":59}},"48":{"start":{"line":75,"column":3},"end":{"line":75,"column":49}},"49":{"start":{"line":77,"column":2},"end":{"line":77,"column":19}},"50":{"start":{"line":78,"column":2},"end":{"line":78,"column":26}},"51":{"start":{"line":80,"column":2},"end":{"line":80,"column":20}},"52":{"start":{"line":84,"column":0},"end":{"line":108,"column":2}},"53":{"start":{"line":85,"column":19},"end":{"line":85,"column":21}},"54":{"start":{"line":86,"column":14},"end":{"line":86,"column":16}},"55":{"start":{"line":87,"column":1},"end":{"line":107,"column":2}},"56":{"start":{"line":88,"column":2},"end":{"line":98,"column":5}},"57":{"start":{"line":99,"column":2},"end":{"line":102,"column":3}},"58":{"start":{"line":100,"column":3},"end":{"line":100,"column":61}},"59":{"start":{"line":100,"column":33},"end":{"line":100,"column":59}},"60":{"start":{"line":101,"column":3},"end":{"line":101,"column":53}},"61":{"start":{"line":103,"column":2},"end":{"line":103,"column":23}},"62":{"start":{"line":104,"column":2},"end":{"line":104,"column":30}},"63":{"start":{"line":106,"column":2},"end":{"line":106,"column":29}},"64":{"start":{"line":110,"column":0},"end":{"line":133,"column":2}},"65":{"start":{"line":111,"column":20},"end":{"line":111,"column":22}},"66":{"start":{"line":112,"column":14},"end":{"line":112,"column":16}},"67":{"start":{"line":113,"column":1},"end":{"line":132,"column":2}},"68":{"start":{"line":114,"column":2},"end":{"line":122,"column":5}},"69":{"start":{"line":123,"column":2},"end":{"line":126,"column":3}},"70":{"start":{"line":124,"column":3},"end":{"line":124,"column":61}},"71":{"start":{"line":124,"column":33},"end":{"line":124,"column":59}},"72":{"start":{"line":125,"column":3},"end":{"line":125,"column":48}},"73":{"start":{"line":128,"column":2},"end":{"line":128,"column":24}},"74":{"start":{"line":129,"column":2},"end":{"line":129,"column":31}},"75":{"start":{"line":131,"column":2},"end":{"line":131,"column":30}},"76":{"start":{"line":135,"column":0},"end":{"line":159,"column":2}},"77":{"start":{"line":136,"column":23},"end":{"line":136,"column":25}},"78":{"start":{"line":137,"column":14},"end":{"line":137,"column":16}},"79":{"start":{"line":138,"column":1},"end":{"line":158,"column":2}},"80":{"start":{"line":139,"column":2},"end":{"line":149,"column":5}},"81":{"start":{"line":150,"column":2},"end":{"line":153,"column":3}},"82":{"start":{"line":151,"column":3},"end":{"line":151,"column":61}},"83":{"start":{"line":151,"column":33},"end":{"line":151,"column":59}},"84":{"start":{"line":152,"column":3},"end":{"line":152,"column":56}},"85":{"start":{"line":154,"column":2},"end":{"line":154,"column":28}},"86":{"start":{"line":155,"column":2},"end":{"line":155,"column":34}},"87":{"start":{"line":157,"column":2},"end":{"line":157,"column":33}},"88":{"start":{"line":161,"column":0},"end":{"line":191,"column":2}},"89":{"start":{"line":162,"column":27},"end":{"line":162,"column":29}},"90":{"start":{"line":163,"column":14},"end":{"line":163,"column":16}},"91":{"start":{"line":164,"column":1},"end":{"line":190,"column":2}},"92":{"start":{"line":165,"column":2},"end":{"line":179,"column":5}},"93":{"start":{"line":181,"column":2},"end":{"line":185,"column":5}},"94":{"start":{"line":182,"column":13},"end":{"line":182,"column":28}},"95":{"start":{"line":183,"column":3},"end":{"line":183,"column":99}},"96":{"start":{"line":183,"column":70},"end":{"line":183,"column":97}},"97":{"start":{"line":184,"column":3},"end":{"line":184,"column":14}},"98":{"start":{"line":186,"column":2},"end":{"line":186,"column":31}},"99":{"start":{"line":187,"column":2},"end":{"line":187,"column":38}},"100":{"start":{"line":189,"column":2},"end":{"line":189,"column":37}},"101":{"start":{"line":193,"column":0},"end":{"line":221,"column":2}},"102":{"start":{"line":194,"column":24},"end":{"line":194,"column":26}},"103":{"start":{"line":195,"column":1},"end":{"line":220,"column":2}},"104":{"start":{"line":196,"column":2},"end":{"line":210,"column":5}},"105":{"start":{"line":211,"column":2},"end":{"line":215,"column":5}},"106":{"start":{"line":212,"column":13},"end":{"line":212,"column":28}},"107":{"start":{"line":213,"column":3},"end":{"line":213,"column":91}},"108":{"start":{"line":213,"column":62},"end":{"line":213,"column":89}},"109":{"start":{"line":214,"column":3},"end":{"line":214,"column":14}},"110":{"start":{"line":216,"column":2},"end":{"line":216,"column":28}},"111":{"start":{"line":217,"column":2},"end":{"line":217,"column":35}},"112":{"start":{"line":219,"column":2},"end":{"line":219,"column":20}},"113":{"start":{"line":223,"column":0},"end":{"line":231,"column":2}},"114":{"start":{"line":224,"column":14},"end":{"line":224,"column":16}},"115":{"start":{"line":225,"column":1},"end":{"line":230,"column":2}},"116":{"start":{"line":226,"column":2},"end":{"line":226,"column":88}},"117":{"start":{"line":227,"column":2},"end":{"line":227,"column":25}},"118":{"start":{"line":229,"column":2},"end":{"line":229,"column":20}}},"fnMap":{"0":{"name":"(anonymous_0)","decl":{"start":{"line":23,"column":28},"end":{"line":23,"column":29}},"loc":{"start":{"line":23,"column":40},"end":{"line":32,"column":1}},"line":23},"1":{"name":"(anonymous_1)","decl":{"start":{"line":27,"column":26},"end":{"line":27,"column":27}},"loc":{"start":{"line":27,"column":36},"end":{"line":27,"column":51}},"line":27},"2":{"name":"(anonymous_2)","decl":{"start":{"line":34,"column":32},"end":{"line":34,"column":33}},"loc":{"start":{"line":34,"column":44},"end":{"line":43,"column":1}},"line":34},"3":{"name":"(anonymous_3)","decl":{"start":{"line":38,"column":34},"end":{"line":38,"column":35}},"loc":{"start":{"line":38,"column":44},"end":{"line":38,"column":59}},"line":38},"4":{"name":"(anonymous_4)","decl":{"start":{"line":45,"column":35},"end":{"line":45,"column":36}},"loc":{"start":{"line":45,"column":47},"end":{"line":54,"column":1}},"line":45},"5":{"name":"(anonymous_5)","decl":{"start":{"line":49,"column":40},"end":{"line":49,"column":41}},"loc":{"start":{"line":49,"column":50},"end":{"line":49,"column":65}},"line":49},"6":{"name":"(anonymous_6)","decl":{"start":{"line":56,"column":27},"end":{"line":56,"column":28}},"loc":{"start":{"line":56,"column":47},"end":{"line":82,"column":1}},"line":56},"7":{"name":"(anonymous_7)","decl":{"start":{"line":74,"column":23},"end":{"line":74,"column":24}},"loc":{"start":{"line":74,"column":33},"end":{"line":74,"column":59}},"line":74},"8":{"name":"(anonymous_8)","decl":{"start":{"line":84,"column":31},"end":{"line":84,"column":32}},"loc":{"start":{"line":84,"column":51},"end":{"line":108,"column":1}},"line":84},"9":{"name":"(anonymous_9)","decl":{"start":{"line":100,"column":23},"end":{"line":100,"column":24}},"loc":{"start":{"line":100,"column":33},"end":{"line":100,"column":59}},"line":100},"10":{"name":"(anonymous_10)","decl":{"start":{"line":110,"column":30},"end":{"line":110,"column":31}},"loc":{"start":{"line":110,"column":54},"end":{"line":133,"column":1}},"line":110},"11":{"name":"(anonymous_11)","decl":{"start":{"line":124,"column":23},"end":{"line":124,"column":24}},"loc":{"start":{"line":124,"column":33},"end":{"line":124,"column":59}},"line":124},"12":{"name":"(anonymous_12)","decl":{"start":{"line":135,"column":35},"end":{"line":135,"column":36}},"loc":{"start":{"line":135,"column":63},"end":{"line":159,"column":1}},"line":135},"13":{"name":"(anonymous_13)","decl":{"start":{"line":151,"column":23},"end":{"line":151,"column":24}},"loc":{"start":{"line":151,"column":33},"end":{"line":151,"column":59}},"line":151},"14":{"name":"(anonymous_14)","decl":{"start":{"line":161,"column":40},"end":{"line":161,"column":41}},"loc":{"start":{"line":161,"column":52},"end":{"line":191,"column":1}},"line":161},"15":{"name":"(anonymous_15)","decl":{"start":{"line":181,"column":22},"end":{"line":181,"column":23}},"loc":{"start":{"line":181,"column":32},"end":{"line":185,"column":3}},"line":181},"16":{"name":"(anonymous_16)","decl":{"start":{"line":183,"column":59},"end":{"line":183,"column":60}},"loc":{"start":{"line":183,"column":70},"end":{"line":183,"column":97}},"line":183},"17":{"name":"(anonymous_17)","decl":{"start":{"line":193,"column":36},"end":{"line":193,"column":37}},"loc":{"start":{"line":193,"column":48},"end":{"line":221,"column":1}},"line":193},"18":{"name":"(anonymous_18)","decl":{"start":{"line":211,"column":22},"end":{"line":211,"column":23}},"loc":{"start":{"line":211,"column":32},"end":{"line":215,"column":3}},"line":211},"19":{"name":"(anonymous_19)","decl":{"start":{"line":213,"column":51},"end":{"line":213,"column":52}},"loc":{"start":{"line":213,"column":62},"end":{"line":213,"column":89}},"line":213},"20":{"name":"(anonymous_20)","decl":{"start":{"line":223,"column":23},"end":{"line":223,"column":24}},"loc":{"start":{"line":223,"column":35},"end":{"line":231,"column":1}},"line":223}},"branchMap":{"0":{"loc":{"start":{"line":73,"column":2},"end":{"line":76,"column":3}},"type":"if","locations":[{"start":{"line":73,"column":2},"end":{"line":76,"column":3}},{"start":{"line":73,"column":2},"end":{"line":76,"column":3}}],"line":73},"1":{"loc":{"start":{"line":99,"column":2},"end":{"line":102,"column":3}},"type":"if","locations":[{"start":{"line":99,"column":2},"end":{"line":102,"column":3}},{"start":{"line":99,"column":2},"end":{"line":102,"column":3}}],"line":99},"2":{"loc":{"start":{"line":123,"column":2},"end":{"line":126,"column":3}},"type":"if","locations":[{"start":{"line":123,"column":2},"end":{"line":126,"column":3}},{"start":{"line":123,"column":2},"end":{"line":126,"column":3}}],"line":123},"3":{"loc":{"start":{"line":150,"column":2},"end":{"line":153,"column":3}},"type":"if","locations":[{"start":{"line":150,"column":2},"end":{"line":153,"column":3}},{"start":{"line":150,"column":2},"end":{"line":153,"column":3}}],"line":150}},"s":{"0":3,"1":3,"2":3,"3":3,"4":3,"5":3,"6":3,"7":3,"8":3,"9":3,"10":3,"11":3,"12":3,"13":3,"14":3,"15":3,"16":3,"17":3,"18":1,"19":1,"20":1,"21":1,"22":14,"23":1,"24":0,"25":3,"26":1,"27":1,"28":1,"29":1,"30":18,"31":1,"32":0,"33":3,"34":1,"35":1,"36":1,"37":1,"38":18,"39":1,"40":0,"41":3,"42":1,"43":1,"44":1,"45":1,"46":0,"47":0,"48":0,"49":1,"50":1,"51":0,"52":3,"53":1,"54":1,"55":1,"56":1,"57":1,"58":0,"59":0,"60":0,"61":1,"62":1,"63":0,"64":3,"65":1,"66":1,"67":1,"68":1,"69":1,"70":0,"71":0,"72":0,"73":1,"74":1,"75":0,"76":3,"77":1,"78":1,"79":1,"80":1,"81":1,"82":0,"83":0,"84":0,"85":1,"86":1,"87":0,"88":3,"89":1,"90":1,"91":1,"92":1,"93":1,"94":0,"95":0,"96":0,"97":0,"98":1,"99":1,"100":0,"101":3,"102":1,"103":1,"104":1,"105":1,"106":0,"107":0,"108":0,"109":0,"110":1,"111":1,"112":0,"113":3,"114":1,"115":1,"116":1,"117":1,"118":0},"f":{"0":1,"1":14,"2":1,"3":18,"4":1,"5":18,"6":1,"7":0,"8":1,"9":0,"10":1,"11":0,"12":1,"13":0,"14":1,"15":0,"16":0,"17":1,"18":0,"19":0,"20":1},"b":{"0":[0,1],"1":[0,1],"2":[0,1],"3":[0,1]},"_coverageSchema":"1a1c01bbd47fc00a2c39e90264f33305004495a9","hash":"d4e9864005f27827757da8b161af1f3e0fa81b77"}
,"D:\\Campus\\4 Sem Files\\Software Engineering - CS3022\\project\\softwareeng-api\\api\\controlller\\request.controller.js": {"path":"D:\\Campus\\4 Sem Files\\Software Engineering - CS3022\\project\\softwareeng-api\\api\\controlller\\request.controller.js","statementMap":{"0":{"start":{"line":1,"column":14},"end":{"line":1,"column":47}},"1":{"start":{"line":2,"column":13},"end":{"line":2,"column":33}},"2":{"start":{"line":3,"column":26},"end":{"line":3,"column":63}},"3":{"start":{"line":4,"column":22},"end":{"line":4,"column":61}},"4":{"start":{"line":5,"column":23},"end":{"line":5,"column":63}},"5":{"start":{"line":6,"column":20},"end":{"line":6,"column":57}},"6":{"start":{"line":7,"column":16},"end":{"line":7,"column":49}},"7":{"start":{"line":8,"column":22},"end":{"line":8,"column":57}},"8":{"start":{"line":9,"column":18},"end":{"line":9,"column":41}},"9":{"start":{"line":11,"column":0},"end":{"line":19,"column":2}},"10":{"start":{"line":12,"column":16},"end":{"line":12,"column":18}},"11":{"start":{"line":13,"column":1},"end":{"line":18,"column":2}},"12":{"start":{"line":14,"column":2},"end":{"line":14,"column":107}},"13":{"start":{"line":15,"column":2},"end":{"line":15,"column":41}},"14":{"start":{"line":17,"column":2},"end":{"line":17,"column":42}},"15":{"start":{"line":21,"column":0},"end":{"line":29,"column":2}},"16":{"start":{"line":22,"column":16},"end":{"line":22,"column":18}},"17":{"start":{"line":23,"column":1},"end":{"line":28,"column":2}},"18":{"start":{"line":24,"column":2},"end":{"line":24,"column":82}},"19":{"start":{"line":25,"column":2},"end":{"line":25,"column":41}},"20":{"start":{"line":27,"column":2},"end":{"line":27,"column":42}},"21":{"start":{"line":32,"column":0},"end":{"line":47,"column":2}},"22":{"start":{"line":33,"column":15},"end":{"line":33,"column":17}},"23":{"start":{"line":34,"column":20},"end":{"line":34,"column":22}},"24":{"start":{"line":35,"column":22},"end":{"line":35,"column":24}},"25":{"start":{"line":36,"column":1},"end":{"line":46,"column":2}},"26":{"start":{"line":37,"column":8},"end":{"line":37,"column":130}},"27":{"start":{"line":38,"column":8},"end":{"line":38,"column":126}},"28":{"start":{"line":39,"column":2},"end":{"line":39,"column":69}},"29":{"start":{"line":39,"column":42},"end":{"line":39,"column":68}},"30":{"start":{"line":40,"column":2},"end":{"line":40,"column":73}},"31":{"start":{"line":40,"column":46},"end":{"line":40,"column":72}},"32":{"start":{"line":41,"column":2},"end":{"line":41,"column":44}},"33":{"start":{"line":42,"column":2},"end":{"line":42,"column":41}},"34":{"start":{"line":43,"column":2},"end":{"line":43,"column":40}},"35":{"start":{"line":45,"column":2},"end":{"line":45,"column":42}},"36":{"start":{"line":49,"column":0},"end":{"line":78,"column":2}},"37":{"start":{"line":50,"column":15},"end":{"line":50,"column":23}},"38":{"start":{"line":51,"column":14},"end":{"line":51,"column":21}},"39":{"start":{"line":52,"column":25},"end":{"line":52,"column":27}},"40":{"start":{"line":53,"column":20},"end":{"line":53,"column":22}},"41":{"start":{"line":54,"column":9},"end":{"line":54,"column":38}},"42":{"start":{"line":55,"column":1},"end":{"line":77,"column":2}},"43":{"start":{"line":56,"column":2},"end":{"line":56,"column":57}},"44":{"start":{"line":57,"column":2},"end":{"line":62,"column":3}},"45":{"start":{"line":58,"column":3},"end":{"line":61,"column":4}},"46":{"start":{"line":59,"column":4},"end":{"line":59,"column":110}},"47":{"start":{"line":59,"column":65},"end":{"line":59,"column":108}},"48":{"start":{"line":60,"column":4},"end":{"line":60,"column":92}},"49":{"start":{"line":63,"column":2},"end":{"line":68,"column":3}},"50":{"start":{"line":64,"column":3},"end":{"line":67,"column":4}},"51":{"start":{"line":65,"column":4},"end":{"line":65,"column":118}},"52":{"start":{"line":65,"column":73},"end":{"line":65,"column":116}},"53":{"start":{"line":66,"column":4},"end":{"line":66,"column":98}},"54":{"start":{"line":69,"column":2},"end":{"line":69,"column":18}},"55":{"start":{"line":70,"column":2},"end":{"line":70,"column":28}},"56":{"start":{"line":71,"column":2},"end":{"line":71,"column":41}},"57":{"start":{"line":72,"column":2},"end":{"line":72,"column":43}},"58":{"start":{"line":73,"column":2},"end":{"line":73,"column":39}},"59":{"start":{"line":75,"column":2},"end":{"line":75,"column":21}},"60":{"start":{"line":76,"column":2},"end":{"line":76,"column":42}},"61":{"start":{"line":80,"column":0},"end":{"line":110,"column":2}},"62":{"start":{"line":81,"column":18},"end":{"line":81,"column":26}},"63":{"start":{"line":82,"column":25},"end":{"line":82,"column":27}},"64":{"start":{"line":83,"column":20},"end":{"line":83,"column":22}},"65":{"start":{"line":84,"column":9},"end":{"line":84,"column":38}},"66":{"start":{"line":85,"column":1},"end":{"line":109,"column":2}},"67":{"start":{"line":86,"column":2},"end":{"line":90,"column":3}},"68":{"start":{"line":87,"column":3},"end":{"line":89,"column":6}},"69":{"start":{"line":91,"column":2},"end":{"line":95,"column":9}},"70":{"start":{"line":92,"column":3},"end":{"line":94,"column":6}},"71":{"start":{"line":96,"column":8},"end":{"line":99,"column":4}},"72":{"start":{"line":100,"column":2},"end":{"line":100,"column":18}},"73":{"start":{"line":101,"column":2},"end":{"line":101,"column":82}},"74":{"start":{"line":102,"column":2},"end":{"line":102,"column":31}},"75":{"start":{"line":103,"column":8},"end":{"line":103,"column":50}},"76":{"start":{"line":104,"column":8},"end":{"line":104,"column":48}},"77":{"start":{"line":105,"column":2},"end":{"line":105,"column":40}},"78":{"start":{"line":107,"column":2},"end":{"line":107,"column":21}},"79":{"start":{"line":108,"column":2},"end":{"line":108,"column":42}},"80":{"start":{"line":115,"column":0},"end":{"line":125,"column":2}},"81":{"start":{"line":116,"column":1},"end":{"line":124,"column":2}},"82":{"start":{"line":117,"column":2},"end":{"line":117,"column":72}},"83":{"start":{"line":118,"column":2},"end":{"line":118,"column":61}},"84":{"start":{"line":120,"column":2},"end":{"line":122,"column":3}},"85":{"start":{"line":121,"column":3},"end":{"line":121,"column":92}},"86":{"start":{"line":123,"column":2},"end":{"line":123,"column":41}}},"fnMap":{"0":{"name":"(anonymous_0)","decl":{"start":{"line":11,"column":22},"end":{"line":11,"column":23}},"loc":{"start":{"line":11,"column":42},"end":{"line":19,"column":1}},"line":11},"1":{"name":"(anonymous_1)","decl":{"start":{"line":21,"column":29},"end":{"line":21,"column":30}},"loc":{"start":{"line":21,"column":49},"end":{"line":29,"column":1}},"line":21},"2":{"name":"(anonymous_2)","decl":{"start":{"line":32,"column":21},"end":{"line":32,"column":22}},"loc":{"start":{"line":32,"column":41},"end":{"line":47,"column":1}},"line":32},"3":{"name":"(anonymous_3)","decl":{"start":{"line":39,"column":34},"end":{"line":39,"column":35}},"loc":{"start":{"line":39,"column":42},"end":{"line":39,"column":68}},"line":39},"4":{"name":"(anonymous_4)","decl":{"start":{"line":40,"column":38},"end":{"line":40,"column":39}},"loc":{"start":{"line":40,"column":46},"end":{"line":40,"column":72}},"line":40},"5":{"name":"(anonymous_5)","decl":{"start":{"line":49,"column":24},"end":{"line":49,"column":25}},"loc":{"start":{"line":49,"column":44},"end":{"line":78,"column":1}},"line":49},"6":{"name":"(anonymous_6)","decl":{"start":{"line":59,"column":56},"end":{"line":59,"column":57}},"loc":{"start":{"line":59,"column":64},"end":{"line":59,"column":109}},"line":59},"7":{"name":"(anonymous_7)","decl":{"start":{"line":65,"column":64},"end":{"line":65,"column":65}},"loc":{"start":{"line":65,"column":72},"end":{"line":65,"column":117}},"line":65},"8":{"name":"(anonymous_8)","decl":{"start":{"line":80,"column":24},"end":{"line":80,"column":25}},"loc":{"start":{"line":80,"column":44},"end":{"line":110,"column":1}},"line":80},"9":{"name":"(anonymous_9)","decl":{"start":{"line":115,"column":24},"end":{"line":115,"column":25}},"loc":{"start":{"line":115,"column":44},"end":{"line":125,"column":1}},"line":115}},"branchMap":{"0":{"loc":{"start":{"line":57,"column":2},"end":{"line":62,"column":3}},"type":"if","locations":[{"start":{"line":57,"column":2},"end":{"line":62,"column":3}},{"start":{"line":57,"column":2},"end":{"line":62,"column":3}}],"line":57},"1":{"loc":{"start":{"line":58,"column":3},"end":{"line":61,"column":4}},"type":"if","locations":[{"start":{"line":58,"column":3},"end":{"line":61,"column":4}},{"start":{"line":58,"column":3},"end":{"line":61,"column":4}}],"line":58},"2":{"loc":{"start":{"line":63,"column":2},"end":{"line":68,"column":3}},"type":"if","locations":[{"start":{"line":63,"column":2},"end":{"line":68,"column":3}},{"start":{"line":63,"column":2},"end":{"line":68,"column":3}}],"line":63},"3":{"loc":{"start":{"line":64,"column":3},"end":{"line":67,"column":4}},"type":"if","locations":[{"start":{"line":64,"column":3},"end":{"line":67,"column":4}},{"start":{"line":64,"column":3},"end":{"line":67,"column":4}}],"line":64},"4":{"loc":{"start":{"line":86,"column":2},"end":{"line":90,"column":3}},"type":"if","locations":[{"start":{"line":86,"column":2},"end":{"line":90,"column":3}},{"start":{"line":86,"column":2},"end":{"line":90,"column":3}}],"line":86},"5":{"loc":{"start":{"line":91,"column":2},"end":{"line":95,"column":9}},"type":"if","locations":[{"start":{"line":91,"column":2},"end":{"line":95,"column":9}},{"start":{"line":91,"column":2},"end":{"line":95,"column":9}}],"line":91},"6":{"loc":{"start":{"line":120,"column":2},"end":{"line":122,"column":3}},"type":"if","locations":[{"start":{"line":120,"column":2},"end":{"line":122,"column":3}},{"start":{"line":120,"column":2},"end":{"line":122,"column":3}}],"line":120}},"s":{"0":3,"1":3,"2":3,"3":3,"4":3,"5":3,"6":3,"7":3,"8":3,"9":3,"10":1,"11":1,"12":1,"13":1,"14":0,"15":3,"16":1,"17":1,"18":1,"19":1,"20":0,"21":3,"22":1,"23":1,"24":1,"25":1,"26":1,"27":1,"28":1,"29":0,"30":1,"31":0,"32":1,"33":1,"34":1,"35":0,"36":3,"37":1,"38":1,"39":1,"40":1,"41":1,"42":1,"43":1,"44":1,"45":1,"46":1,"47":3,"48":1,"49":0,"50":0,"51":0,"52":0,"53":0,"54":0,"55":0,"56":0,"57":0,"58":0,"59":1,"60":1,"61":3,"62":1,"63":1,"64":1,"65":1,"66":1,"67":1,"68":1,"69":0,"70":0,"71":0,"72":0,"73":0,"74":0,"75":0,"76":0,"77":0,"78":1,"79":1,"80":3,"81":1,"82":1,"83":1,"84":0,"85":0,"86":0},"f":{"0":1,"1":1,"2":1,"3":0,"4":0,"5":1,"6":3,"7":0,"8":1,"9":1},"b":{"0":[1,0],"1":[1,0],"2":[0,0],"3":[0,0],"4":[1,0],"5":[0,0],"6":[0,0]},"_coverageSchema":"1a1c01bbd47fc00a2c39e90264f33305004495a9","hash":"d74a92675293335a16c6778cd7c851978af16f3f"}
,"D:\\Campus\\4 Sem Files\\Software Engineering - CS3022\\project\\softwareeng-api\\api\\controlller\\station.controller.js": {"path":"D:\\Campus\\4 Sem Files\\Software Engineering - CS3022\\project\\softwareeng-api\\api\\controlller\\station.controller.js","statementMap":{"0":{"start":{"line":1,"column":14},"end":{"line":1,"column":47}},"1":{"start":{"line":2,"column":22},"end":{"line":2,"column":57}},"2":{"start":{"line":8,"column":0},"end":{"line":17,"column":2}},"3":{"start":{"line":9,"column":16},"end":{"line":9,"column":18}},"4":{"start":{"line":10,"column":1},"end":{"line":16,"column":2}},"5":{"start":{"line":11,"column":2},"end":{"line":11,"column":37}},"6":{"start":{"line":12,"column":2},"end":{"line":12,"column":61}},"7":{"start":{"line":12,"column":34},"end":{"line":12,"column":60}},"8":{"start":{"line":13,"column":2},"end":{"line":13,"column":40}},"9":{"start":{"line":15,"column":2},"end":{"line":15,"column":41}},"10":{"start":{"line":23,"column":0},"end":{"line":36,"column":2}},"11":{"start":{"line":24,"column":15},"end":{"line":24,"column":17}},"12":{"start":{"line":25,"column":1},"end":{"line":35,"column":2}},"13":{"start":{"line":26,"column":2},"end":{"line":26,"column":82}},"14":{"start":{"line":27,"column":2},"end":{"line":32,"column":3}},"15":{"start":{"line":28,"column":3},"end":{"line":28,"column":32}},"16":{"start":{"line":29,"column":3},"end":{"line":29,"column":40}},"17":{"start":{"line":31,"column":3},"end":{"line":31,"column":42}},"18":{"start":{"line":34,"column":2},"end":{"line":34,"column":42}},"19":{"start":{"line":41,"column":0},"end":{"line":49,"column":2}},"20":{"start":{"line":42,"column":15},"end":{"line":42,"column":23}},"21":{"start":{"line":43,"column":1},"end":{"line":48,"column":2}},"22":{"start":{"line":44,"column":2},"end":{"line":44,"column":43}},"23":{"start":{"line":45,"column":2},"end":{"line":45,"column":39}},"24":{"start":{"line":47,"column":2},"end":{"line":47,"column":41}},"25":{"start":{"line":54,"column":0},"end":{"line":69,"column":2}},"26":{"start":{"line":55,"column":15},"end":{"line":55,"column":17}},"27":{"start":{"line":56,"column":1},"end":{"line":68,"column":2}},"28":{"start":{"line":57,"column":2},"end":{"line":60,"column":4}},"29":{"start":{"line":61,"column":2},"end":{"line":61,"column":82}},"30":{"start":{"line":62,"column":2},"end":{"line":64,"column":3}},"31":{"start":{"line":63,"column":3},"end":{"line":63,"column":31}},"32":{"start":{"line":65,"column":2},"end":{"line":65,"column":39}},"33":{"start":{"line":67,"column":2},"end":{"line":67,"column":42}},"34":{"start":{"line":71,"column":0},"end":{"line":81,"column":2}},"35":{"start":{"line":72,"column":1},"end":{"line":80,"column":2}},"36":{"start":{"line":73,"column":2},"end":{"line":73,"column":72}},"37":{"start":{"line":74,"column":2},"end":{"line":74,"column":61}},"38":{"start":{"line":76,"column":2},"end":{"line":78,"column":3}},"39":{"start":{"line":77,"column":3},"end":{"line":77,"column":92}},"40":{"start":{"line":79,"column":2},"end":{"line":79,"column":43}}},"fnMap":{"0":{"name":"(anonymous_0)","decl":{"start":{"line":8,"column":22},"end":{"line":8,"column":23}},"loc":{"start":{"line":8,"column":42},"end":{"line":17,"column":1}},"line":8},"1":{"name":"(anonymous_1)","decl":{"start":{"line":12,"column":26},"end":{"line":12,"column":27}},"loc":{"start":{"line":12,"column":34},"end":{"line":12,"column":60}},"line":12},"2":{"name":"(anonymous_2)","decl":{"start":{"line":23,"column":21},"end":{"line":23,"column":22}},"loc":{"start":{"line":23,"column":41},"end":{"line":36,"column":1}},"line":23},"3":{"name":"(anonymous_3)","decl":{"start":{"line":41,"column":24},"end":{"line":41,"column":25}},"loc":{"start":{"line":41,"column":44},"end":{"line":49,"column":1}},"line":41},"4":{"name":"(anonymous_4)","decl":{"start":{"line":54,"column":24},"end":{"line":54,"column":25}},"loc":{"start":{"line":54,"column":44},"end":{"line":69,"column":1}},"line":54},"5":{"name":"(anonymous_5)","decl":{"start":{"line":71,"column":24},"end":{"line":71,"column":25}},"loc":{"start":{"line":71,"column":44},"end":{"line":81,"column":1}},"line":71}},"branchMap":{"0":{"loc":{"start":{"line":27,"column":2},"end":{"line":32,"column":3}},"type":"if","locations":[{"start":{"line":27,"column":2},"end":{"line":32,"column":3}},{"start":{"line":27,"column":2},"end":{"line":32,"column":3}}],"line":27},"1":{"loc":{"start":{"line":62,"column":2},"end":{"line":64,"column":3}},"type":"if","locations":[{"start":{"line":62,"column":2},"end":{"line":64,"column":3}},{"start":{"line":62,"column":2},"end":{"line":64,"column":3}}],"line":62},"2":{"loc":{"start":{"line":76,"column":2},"end":{"line":78,"column":3}},"type":"if","locations":[{"start":{"line":76,"column":2},"end":{"line":78,"column":3}},{"start":{"line":76,"column":2},"end":{"line":78,"column":3}}],"line":76}},"s":{"0":3,"1":3,"2":3,"3":1,"4":1,"5":1,"6":1,"7":14,"8":1,"9":0,"10":3,"11":1,"12":1,"13":1,"14":1,"15":1,"16":1,"17":0,"18":0,"19":3,"20":1,"21":1,"22":1,"23":1,"24":0,"25":3,"26":1,"27":1,"28":1,"29":1,"30":1,"31":1,"32":1,"33":0,"34":3,"35":1,"36":1,"37":1,"38":0,"39":0,"40":0},"f":{"0":1,"1":14,"2":1,"3":1,"4":1,"5":1},"b":{"0":[1,0],"1":[1,0],"2":[0,0]},"_coverageSchema":"1a1c01bbd47fc00a2c39e90264f33305004495a9","hash":"72e9288cbb85b886053db49e0974e49fc3caa1f5"}
,"D:\\Campus\\4 Sem Files\\Software Engineering - CS3022\\project\\softwareeng-api\\api\\model\\index.js": {"path":"D:\\Campus\\4 Sem Files\\Software Engineering - CS3022\\project\\softwareeng-api\\api\\model\\index.js","statementMap":{"0":{"start":{"line":1,"column":15},"end":{"line":18,"column":1}},"1":{"start":{"line":20,"column":0},"end":{"line":20,"column":24}}},"fnMap":{},"branchMap":{},"s":{"0":2,"1":2},"f":{},"b":{},"_coverageSchema":"1a1c01bbd47fc00a2c39e90264f33305004495a9","hash":"bf682731639b9eecebddf445656888822006362e"}
,"D:\\Campus\\4 Sem Files\\Software Engineering - CS3022\\project\\softwareeng-api\\api\\test\\helpers\\dbHelper.js": {"path":"D:\\Campus\\4 Sem Files\\Software Engineering - CS3022\\project\\softwareeng-api\\api\\test\\helpers\\dbHelper.js","statementMap":{"0":{"start":{"line":1,"column":22},"end":{"line":1,"column":60}},"1":{"start":{"line":3,"column":0},"end":{"line":13,"column":1}},"2":{"start":{"line":4,"column":4},"end":{"line":11,"column":5}},"3":{"start":{"line":5,"column":8},"end":{"line":5,"column":50}},"4":{"start":{"line":6,"column":8},"end":{"line":6,"column":65}},"5":{"start":{"line":6,"column":38},"end":{"line":6,"column":64}},"6":{"start":{"line":9,"column":8},"end":{"line":9,"column":46}},"7":{"start":{"line":10,"column":8},"end":{"line":10,"column":37}},"8":{"start":{"line":12,"column":4},"end":{"line":12,"column":19}},"9":{"start":{"line":15,"column":0},"end":{"line":20,"column":1}},"10":{"start":{"line":16,"column":16},"end":{"line":16,"column":18}},"11":{"start":{"line":17,"column":14},"end":{"line":17,"column":91}},"12":{"start":{"line":17,"column":59},"end":{"line":17,"column":71}},"13":{"start":{"line":18,"column":4},"end":{"line":18,"column":23}},"14":{"start":{"line":19,"column":4},"end":{"line":19,"column":33}}},"fnMap":{"0":{"name":"(anonymous_0)","decl":{"start":{"line":3,"column":20},"end":{"line":3,"column":21}},"loc":{"start":{"line":3,"column":45},"end":{"line":13,"column":1}},"line":3},"1":{"name":"(anonymous_1)","decl":{"start":{"line":6,"column":30},"end":{"line":6,"column":31}},"loc":{"start":{"line":6,"column":38},"end":{"line":6,"column":64}},"line":6},"2":{"name":"(anonymous_2)","decl":{"start":{"line":15,"column":24},"end":{"line":15,"column":25}},"loc":{"start":{"line":15,"column":56},"end":{"line":20,"column":1}},"line":15},"3":{"name":"(anonymous_3)","decl":{"start":{"line":17,"column":51},"end":{"line":17,"column":52}},"loc":{"start":{"line":17,"column":59},"end":{"line":17,"column":71}},"line":17}},"branchMap":{"0":{"loc":{"start":{"line":4,"column":4},"end":{"line":11,"column":5}},"type":"if","locations":[{"start":{"line":4,"column":4},"end":{"line":11,"column":5}},{"start":{"line":4,"column":4},"end":{"line":11,"column":5}}],"line":4},"1":{"loc":{"start":{"line":17,"column":14},"end":{"line":17,"column":91}},"type":"cond-expr","locations":[{"start":{"line":17,"column":39},"end":{"line":17,"column":72}},{"start":{"line":17,"column":74},"end":{"line":17,"column":91}}],"line":17}},"s":{"0":2,"1":2,"2":5,"3":2,"4":2,"5":6,"6":3,"7":3,"8":5,"9":2,"10":6,"11":6,"12":6,"13":6,"14":6},"f":{"0":5,"1":6,"2":6,"3":6},"b":{"0":[2,3],"1":[2,4]},"_coverageSchema":"1a1c01bbd47fc00a2c39e90264f33305004495a9","hash":"6e8078287685ce4ad3c4dc1250002b410d27e27a"}
,"D:\\Campus\\4 Sem Files\\Software Engineering - CS3022\\project\\softwareeng-api\\api\\test\\helpers\\factory.js": {"path":"D:\\Campus\\4 Sem Files\\Software Engineering - CS3022\\project\\softwareeng-api\\api\\test\\helpers\\factory.js","statementMap":{"0":{"start":{"line":1,"column":14},"end":{"line":1,"column":30}},"1":{"start":{"line":2,"column":20},"end":{"line":2,"column":40}},"2":{"start":{"line":3,"column":26},"end":{"line":3,"column":58}},"3":{"start":{"line":5,"column":0},"end":{"line":17,"column":2}},"4":{"start":{"line":6,"column":16},"end":{"line":6,"column":18}},"5":{"start":{"line":7,"column":1},"end":{"line":14,"column":2}},"6":{"start":{"line":7,"column":14},"end":{"line":7,"column":15}},"7":{"start":{"line":8,"column":2},"end":{"line":13,"column":5}},"8":{"start":{"line":15,"column":1},"end":{"line":15,"column":36}},"9":{"start":{"line":15,"column":17},"end":{"line":15,"column":36}},"10":{"start":{"line":16,"column":1},"end":{"line":16,"column":17}},"11":{"start":{"line":19,"column":0},"end":{"line":31,"column":2}},"12":{"start":{"line":20,"column":18},"end":{"line":20,"column":20}},"13":{"start":{"line":21,"column":1},"end":{"line":26,"column":2}},"14":{"start":{"line":21,"column":14},"end":{"line":21,"column":15}},"15":{"start":{"line":22,"column":2},"end":{"line":25,"column":5}},"16":{"start":{"line":28,"column":1},"end":{"line":28,"column":38}},"17":{"start":{"line":28,"column":17},"end":{"line":28,"column":38}},"18":{"start":{"line":30,"column":1},"end":{"line":30,"column":19}},"19":{"start":{"line":33,"column":0},"end":{"line":44,"column":2}},"20":{"start":{"line":34,"column":20},"end":{"line":34,"column":22}},"21":{"start":{"line":35,"column":1},"end":{"line":40,"column":2}},"22":{"start":{"line":35,"column":14},"end":{"line":35,"column":15}},"23":{"start":{"line":36,"column":2},"end":{"line":39,"column":5}},"24":{"start":{"line":41,"column":1},"end":{"line":41,"column":40}},"25":{"start":{"line":41,"column":17},"end":{"line":41,"column":40}},"26":{"start":{"line":43,"column":1},"end":{"line":43,"column":21}},"27":{"start":{"line":46,"column":0},"end":{"line":64,"column":2}},"28":{"start":{"line":47,"column":20},"end":{"line":47,"column":22}},"29":{"start":{"line":48,"column":1},"end":{"line":50,"column":2}},"30":{"start":{"line":49,"column":2},"end":{"line":49,"column":59}},"31":{"start":{"line":49,"column":41},"end":{"line":49,"column":57}},"32":{"start":{"line":51,"column":19},"end":{"line":51,"column":21}},"33":{"start":{"line":53,"column":1},"end":{"line":58,"column":2}},"34":{"start":{"line":53,"column":14},"end":{"line":53,"column":15}},"35":{"start":{"line":54,"column":2},"end":{"line":57,"column":5}},"36":{"start":{"line":59,"column":1},"end":{"line":61,"column":2}},"37":{"start":{"line":60,"column":2},"end":{"line":60,"column":72}},"38":{"start":{"line":60,"column":43},"end":{"line":60,"column":69}},"39":{"start":{"line":63,"column":1},"end":{"line":63,"column":20}},"40":{"start":{"line":66,"column":0},"end":{"line":84,"column":2}},"41":{"start":{"line":67,"column":22},"end":{"line":67,"column":24}},"42":{"start":{"line":68,"column":1},"end":{"line":70,"column":2}},"43":{"start":{"line":69,"column":2},"end":{"line":69,"column":65}},"44":{"start":{"line":69,"column":45},"end":{"line":69,"column":63}},"45":{"start":{"line":71,"column":21},"end":{"line":71,"column":23}},"46":{"start":{"line":73,"column":1},"end":{"line":78,"column":2}},"47":{"start":{"line":73,"column":14},"end":{"line":73,"column":15}},"48":{"start":{"line":74,"column":2},"end":{"line":77,"column":5}},"49":{"start":{"line":79,"column":1},"end":{"line":81,"column":2}},"50":{"start":{"line":80,"column":2},"end":{"line":80,"column":76}},"51":{"start":{"line":80,"column":47},"end":{"line":80,"column":73}},"52":{"start":{"line":83,"column":1},"end":{"line":83,"column":22}},"53":{"start":{"line":86,"column":0},"end":{"line":99,"column":2}},"54":{"start":{"line":87,"column":15},"end":{"line":87,"column":17}},"55":{"start":{"line":88,"column":1},"end":{"line":93,"column":3}},"56":{"start":{"line":95,"column":1},"end":{"line":95,"column":66}},"57":{"start":{"line":96,"column":1},"end":{"line":96,"column":68}},"58":{"start":{"line":98,"column":1},"end":{"line":98,"column":16}}},"fnMap":{"0":{"name":"(anonymous_0)","decl":{"start":{"line":5,"column":24},"end":{"line":5,"column":25}},"loc":{"start":{"line":5,"column":39},"end":{"line":17,"column":1}},"line":5},"1":{"name":"(anonymous_1)","decl":{"start":{"line":19,"column":26},"end":{"line":19,"column":27}},"loc":{"start":{"line":19,"column":41},"end":{"line":31,"column":1}},"line":19},"2":{"name":"(anonymous_2)","decl":{"start":{"line":33,"column":28},"end":{"line":33,"column":29}},"loc":{"start":{"line":33,"column":43},"end":{"line":44,"column":1}},"line":33},"3":{"name":"(anonymous_3)","decl":{"start":{"line":46,"column":34},"end":{"line":46,"column":35}},"loc":{"start":{"line":46,"column":65},"end":{"line":64,"column":1}},"line":46},"4":{"name":"(anonymous_4)","decl":{"start":{"line":49,"column":31},"end":{"line":49,"column":32}},"loc":{"start":{"line":49,"column":41},"end":{"line":49,"column":57}},"line":49},"5":{"name":"(anonymous_5)","decl":{"start":{"line":60,"column":32},"end":{"line":60,"column":33}},"loc":{"start":{"line":60,"column":43},"end":{"line":60,"column":69}},"line":60},"6":{"name":"(anonymous_6)","decl":{"start":{"line":66,"column":30},"end":{"line":66,"column":31}},"loc":{"start":{"line":66,"column":63},"end":{"line":84,"column":1}},"line":66},"7":{"name":"(anonymous_7)","decl":{"start":{"line":69,"column":35},"end":{"line":69,"column":36}},"loc":{"start":{"line":69,"column":45},"end":{"line":69,"column":63}},"line":69},"8":{"name":"(anonymous_8)","decl":{"start":{"line":80,"column":36},"end":{"line":80,"column":37}},"loc":{"start":{"line":80,"column":47},"end":{"line":80,"column":73}},"line":80},"9":{"name":"(anonymous_9)","decl":{"start":{"line":86,"column":24},"end":{"line":86,"column":25}},"loc":{"start":{"line":86,"column":71},"end":{"line":99,"column":1}},"line":86}},"branchMap":{"0":{"loc":{"start":{"line":5,"column":25},"end":{"line":5,"column":34}},"type":"default-arg","locations":[{"start":{"line":5,"column":33},"end":{"line":5,"column":34}}],"line":5},"1":{"loc":{"start":{"line":15,"column":1},"end":{"line":15,"column":36}},"type":"if","locations":[{"start":{"line":15,"column":1},"end":{"line":15,"column":36}},{"start":{"line":15,"column":1},"end":{"line":15,"column":36}}],"line":15},"2":{"loc":{"start":{"line":19,"column":27},"end":{"line":19,"column":36}},"type":"default-arg","locations":[{"start":{"line":19,"column":35},"end":{"line":19,"column":36}}],"line":19},"3":{"loc":{"start":{"line":28,"column":1},"end":{"line":28,"column":38}},"type":"if","locations":[{"start":{"line":28,"column":1},"end":{"line":28,"column":38}},{"start":{"line":28,"column":1},"end":{"line":28,"column":38}}],"line":28},"4":{"loc":{"start":{"line":33,"column":29},"end":{"line":33,"column":38}},"type":"default-arg","locations":[{"start":{"line":33,"column":37},"end":{"line":33,"column":38}}],"line":33},"5":{"loc":{"start":{"line":41,"column":1},"end":{"line":41,"column":40}},"type":"if","locations":[{"start":{"line":41,"column":1},"end":{"line":41,"column":40}},{"start":{"line":41,"column":1},"end":{"line":41,"column":40}}],"line":41},"6":{"loc":{"start":{"line":46,"column":46},"end":{"line":46,"column":60}},"type":"default-arg","locations":[{"start":{"line":46,"column":58},"end":{"line":46,"column":60}}],"line":46},"7":{"loc":{"start":{"line":48,"column":1},"end":{"line":50,"column":2}},"type":"if","locations":[{"start":{"line":48,"column":1},"end":{"line":50,"column":2}},{"start":{"line":48,"column":1},"end":{"line":50,"column":2}}],"line":48},"8":{"loc":{"start":{"line":59,"column":1},"end":{"line":61,"column":2}},"type":"if","locations":[{"start":{"line":59,"column":1},"end":{"line":61,"column":2}},{"start":{"line":59,"column":1},"end":{"line":61,"column":2}}],"line":59},"9":{"loc":{"start":{"line":66,"column":44},"end":{"line":66,"column":58}},"type":"default-arg","locations":[{"start":{"line":66,"column":56},"end":{"line":66,"column":58}}],"line":66},"10":{"loc":{"start":{"line":68,"column":1},"end":{"line":70,"column":2}},"type":"if","locations":[{"start":{"line":68,"column":1},"end":{"line":70,"column":2}},{"start":{"line":68,"column":1},"end":{"line":70,"column":2}}],"line":68},"11":{"loc":{"start":{"line":79,"column":1},"end":{"line":81,"column":2}},"type":"if","locations":[{"start":{"line":79,"column":1},"end":{"line":81,"column":2}},{"start":{"line":79,"column":1},"end":{"line":81,"column":2}}],"line":79},"12":{"loc":{"start":{"line":86,"column":34},"end":{"line":86,"column":50}},"type":"default-arg","locations":[{"start":{"line":86,"column":48},"end":{"line":86,"column":50}}],"line":86},"13":{"loc":{"start":{"line":86,"column":52},"end":{"line":86,"column":66}},"type":"default-arg","locations":[{"start":{"line":86,"column":64},"end":{"line":86,"column":66}}],"line":86}},"s":{"0":2,"1":2,"2":2,"3":2,"4":4,"5":4,"6":4,"7":4,"8":4,"9":4,"10":0,"11":2,"12":1,"13":1,"14":1,"15":3,"16":1,"17":0,"18":1,"19":2,"20":1,"21":1,"22":1,"23":3,"24":1,"25":0,"26":1,"27":2,"28":3,"29":3,"30":3,"31":8,"32":3,"33":3,"34":3,"35":8,"36":3,"37":1,"38":3,"39":3,"40":2,"41":3,"42":3,"43":3,"44":8,"45":3,"46":3,"47":3,"48":8,"49":3,"50":1,"51":3,"52":3,"53":2,"54":2,"55":2,"56":2,"57":2,"58":2},"f":{"0":4,"1":1,"2":1,"3":3,"4":8,"5":3,"6":3,"7":8,"8":3,"9":2},"b":{"0":[4],"1":[4,0],"2":[0],"3":[0,1],"4":[0],"5":[0,1],"6":[2],"7":[3,0],"8":[1,2],"9":[2],"10":[3,0],"11":[1,2],"12":[0],"13":[0]},"_coverageSchema":"1a1c01bbd47fc00a2c39e90264f33305004495a9","hash":"d8f231232300b40d4fdf6c81b51ebc90b91a6fcf"}
}
