TN:
SF:server.js
FN:16,(anonymous_0)
FN:23,(anonymous_1)
FN:27,normalizePort
FN:43,onError
FN:68,onListening
FNF:5
FNH:3
FNDA:3,(anonymous_0)
FNDA:0,(anonymous_1)
FNDA:3,normalizePort
FNDA:0,onError
FNDA:3,onListening
DA:1,3
DA:2,3
DA:3,3
DA:4,3
DA:5,3
DA:6,3
DA:12,3
DA:14,3
DA:18,3
DA:20,3
DA:21,3
DA:24,0
DA:28,3
DA:30,3
DA:32,0
DA:35,3
DA:37,3
DA:40,0
DA:44,0
DA:45,0
DA:48,0
DA:50,0
DA:52,0
DA:53,0
DA:54,0
DA:56,0
DA:57,0
DA:58,0
DA:60,0
DA:69,3
DA:70,3
DA:71,3
DA:74,3
LF:33
LH:19
BRDA:5,0,0,3
BRDA:5,0,1,3
BRDA:30,1,0,0
BRDA:30,1,1,3
BRDA:35,2,0,3
BRDA:35,2,1,0
BRDA:44,3,0,0
BRDA:44,3,1,0
BRDA:48,4,0,0
BRDA:48,4,1,0
BRDA:50,5,0,0
BRDA:50,5,1,0
BRDA:50,5,2,0
BRDA:70,6,0,0
BRDA:70,6,1,3
BRF:15
BRH:5
end_of_record
TN:
SF:controlller\report.controller.js
FN:23,(anonymous_0)
FN:27,(anonymous_1)
FN:34,(anonymous_2)
FN:38,(anonymous_3)
FN:45,(anonymous_4)
FN:49,(anonymous_5)
FN:56,(anonymous_6)
FN:74,(anonymous_7)
FN:84,(anonymous_8)
FN:100,(anonymous_9)
FN:110,(anonymous_10)
FN:124,(anonymous_11)
FN:135,(anonymous_12)
FN:151,(anonymous_13)
FN:161,(anonymous_14)
FN:181,(anonymous_15)
FN:183,(anonymous_16)
FN:193,(anonymous_17)
FN:211,(anonymous_18)
FN:213,(anonymous_19)
FN:223,(anonymous_20)
FNF:21
FNH:13
FNDA:1,(anonymous_0)
FNDA:14,(anonymous_1)
FNDA:1,(anonymous_2)
FNDA:18,(anonymous_3)
FNDA:1,(anonymous_4)
FNDA:18,(anonymous_5)
FNDA:1,(anonymous_6)
FNDA:0,(anonymous_7)
FNDA:1,(anonymous_8)
FNDA:0,(anonymous_9)
FNDA:1,(anonymous_10)
FNDA:0,(anonymous_11)
FNDA:1,(anonymous_12)
FNDA:0,(anonymous_13)
FNDA:1,(anonymous_14)
FNDA:0,(anonymous_15)
FNDA:0,(anonymous_16)
FNDA:1,(anonymous_17)
FNDA:0,(anonymous_18)
FNDA:0,(anonymous_19)
FNDA:1,(anonymous_20)
DA:1,3
DA:2,3
DA:3,3
DA:4,3
DA:5,3
DA:6,3
DA:7,3
DA:8,3
DA:9,3
DA:10,3
DA:11,3
DA:12,3
DA:13,3
DA:14,3
DA:15,3
DA:16,3
DA:17,3
DA:23,3
DA:24,1
DA:25,1
DA:26,1
DA:27,14
DA:28,1
DA:30,0
DA:34,3
DA:35,1
DA:36,1
DA:37,1
DA:38,18
DA:39,1
DA:41,0
DA:45,3
DA:46,1
DA:47,1
DA:48,1
DA:49,18
DA:50,1
DA:52,0
DA:56,3
DA:57,1
DA:58,1
DA:59,1
DA:73,1
DA:74,0
DA:75,0
DA:77,1
DA:78,1
DA:80,0
DA:84,3
DA:85,1
DA:86,1
DA:87,1
DA:88,1
DA:99,1
DA:100,0
DA:101,0
DA:103,1
DA:104,1
DA:106,0
DA:110,3
DA:111,1
DA:112,1
DA:113,1
DA:114,1
DA:123,1
DA:124,0
DA:125,0
DA:128,1
DA:129,1
DA:131,0
DA:135,3
DA:136,1
DA:137,1
DA:138,1
DA:139,1
DA:150,1
DA:151,0
DA:152,0
DA:154,1
DA:155,1
DA:157,0
DA:161,3
DA:162,1
DA:163,1
DA:164,1
DA:165,1
DA:181,1
DA:182,0
DA:183,0
DA:184,0
DA:186,1
DA:187,1
DA:189,0
DA:193,3
DA:194,1
DA:195,1
DA:196,1
DA:211,1
DA:212,0
DA:213,0
DA:214,0
DA:216,1
DA:217,1
DA:219,0
DA:223,3
DA:224,1
DA:225,1
DA:226,1
DA:227,1
DA:229,0
LF:110
LH:86
BRDA:73,0,0,0
BRDA:73,0,1,1
BRDA:99,1,0,0
BRDA:99,1,1,1
BRDA:123,2,0,0
BRDA:123,2,1,1
BRDA:150,3,0,0
BRDA:150,3,1,1
BRF:8
BRH:4
end_of_record
TN:
SF:controlller\request.controller.js
FN:11,(anonymous_0)
FN:21,(anonymous_1)
FN:32,(anonymous_2)
FN:39,(anonymous_3)
FN:40,(anonymous_4)
FN:49,(anonymous_5)
FN:59,(anonymous_6)
FN:65,(anonymous_7)
FN:80,(anonymous_8)
FN:115,(anonymous_9)
FNF:10
FNH:7
FNDA:1,(anonymous_0)
FNDA:1,(anonymous_1)
FNDA:1,(anonymous_2)
FNDA:0,(anonymous_3)
FNDA:0,(anonymous_4)
FNDA:1,(anonymous_5)
FNDA:3,(anonymous_6)
FNDA:0,(anonymous_7)
FNDA:1,(anonymous_8)
FNDA:1,(anonymous_9)
DA:1,3
DA:2,3
DA:3,3
DA:4,3
DA:5,3
DA:6,3
DA:7,3
DA:8,3
DA:9,3
DA:11,3
DA:12,1
DA:13,1
DA:14,1
DA:15,1
DA:17,0
DA:21,3
DA:22,1
DA:23,1
DA:24,1
DA:25,1
DA:27,0
DA:32,3
DA:33,1
DA:34,1
DA:35,1
DA:36,1
DA:37,1
DA:38,1
DA:39,1
DA:40,1
DA:41,1
DA:42,1
DA:43,1
DA:45,0
DA:49,3
DA:50,1
DA:51,1
DA:52,1
DA:53,1
DA:54,1
DA:55,1
DA:56,1
DA:57,1
DA:58,1
DA:59,3
DA:60,1
DA:63,0
DA:64,0
DA:65,0
DA:66,0
DA:69,0
DA:70,0
DA:71,0
DA:72,0
DA:73,0
DA:75,1
DA:76,1
DA:80,3
DA:81,1
DA:82,1
DA:83,1
DA:84,1
DA:85,1
DA:86,1
DA:87,1
DA:91,0
DA:92,0
DA:96,0
DA:100,0
DA:101,0
DA:102,0
DA:103,0
DA:104,0
DA:105,0
DA:107,1
DA:108,1
DA:115,3
DA:116,1
DA:117,1
DA:118,1
DA:120,0
DA:121,0
DA:123,0
LF:83
LH:59
BRDA:57,0,0,1
BRDA:57,0,1,0
BRDA:58,1,0,1
BRDA:58,1,1,0
BRDA:63,2,0,0
BRDA:63,2,1,0
BRDA:64,3,0,0
BRDA:64,3,1,0
BRDA:86,4,0,1
BRDA:86,4,1,0
BRDA:91,5,0,0
BRDA:91,5,1,0
BRDA:120,6,0,0
BRDA:120,6,1,0
BRF:14
BRH:3
end_of_record
TN:
SF:controlller\station.controller.js
FN:8,(anonymous_0)
FN:12,(anonymous_1)
FN:23,(anonymous_2)
FN:41,(anonymous_3)
FN:54,(anonymous_4)
FN:71,(anonymous_5)
FNF:6
FNH:6
FNDA:1,(anonymous_0)
FNDA:14,(anonymous_1)
FNDA:1,(anonymous_2)
FNDA:1,(anonymous_3)
FNDA:1,(anonymous_4)
FNDA:1,(anonymous_5)
DA:1,3
DA:2,3
DA:8,3
DA:9,1
DA:10,1
DA:11,1
DA:12,14
DA:13,1
DA:15,0
DA:23,3
DA:24,1
DA:25,1
DA:26,1
DA:27,1
DA:28,1
DA:29,1
DA:31,0
DA:34,0
DA:41,3
DA:42,1
DA:43,1
DA:44,1
DA:45,1
DA:47,0
DA:54,3
DA:55,1
DA:56,1
DA:57,1
DA:61,1
DA:62,1
DA:63,1
DA:65,1
DA:67,0
DA:71,3
DA:72,1
DA:73,1
DA:74,1
DA:76,0
DA:77,0
DA:79,0
LF:40
LH:32
BRDA:27,0,0,1
BRDA:27,0,1,0
BRDA:62,1,0,1
BRDA:62,1,1,0
BRDA:76,2,0,0
BRDA:76,2,1,0
BRF:6
BRH:2
end_of_record
TN:
SF:model\index.js
FNF:0
FNH:0
DA:1,2
DA:20,2
LF:2
LH:2
BRF:0
BRH:0
end_of_record
TN:
SF:test\helpers\dbHelper.js
FN:3,(anonymous_0)
FN:6,(anonymous_1)
FN:15,(anonymous_2)
FN:17,(anonymous_3)
FNF:4
FNH:4
FNDA:5,(anonymous_0)
FNDA:6,(anonymous_1)
FNDA:6,(anonymous_2)
FNDA:6,(anonymous_3)
DA:1,2
DA:3,2
DA:4,5
DA:5,2
DA:6,6
DA:9,3
DA:10,3
DA:12,5
DA:15,2
DA:16,6
DA:17,6
DA:18,6
DA:19,6
LF:13
LH:13
BRDA:4,0,0,2
BRDA:4,0,1,3
BRDA:17,1,0,2
BRDA:17,1,1,4
BRF:4
BRH:4
end_of_record
TN:
SF:test\helpers\factory.js
FN:5,(anonymous_0)
FN:19,(anonymous_1)
FN:33,(anonymous_2)
FN:46,(anonymous_3)
FN:49,(anonymous_4)
FN:60,(anonymous_5)
FN:66,(anonymous_6)
FN:69,(anonymous_7)
FN:80,(anonymous_8)
FN:86,(anonymous_9)
FNF:10
FNH:10
FNDA:4,(anonymous_0)
FNDA:1,(anonymous_1)
FNDA:1,(anonymous_2)
FNDA:3,(anonymous_3)
FNDA:8,(anonymous_4)
FNDA:3,(anonymous_5)
FNDA:3,(anonymous_6)
FNDA:8,(anonymous_7)
FNDA:3,(anonymous_8)
FNDA:2,(anonymous_9)
DA:1,2
DA:2,2
DA:3,2
DA:5,2
DA:6,4
DA:7,4
DA:8,4
DA:15,4
DA:16,0
DA:19,2
DA:20,1
DA:21,1
DA:22,3
DA:28,1
DA:30,1
DA:33,2
DA:34,1
DA:35,1
DA:36,3
DA:41,1
DA:43,1
DA:46,2
DA:47,3
DA:48,3
DA:49,8
DA:51,3
DA:53,3
DA:54,8
DA:59,3
DA:60,3
DA:63,3
DA:66,2
DA:67,3
DA:68,3
DA:69,8
DA:71,3
DA:73,3
DA:74,8
DA:79,3
DA:80,3
DA:83,3
DA:86,2
DA:87,2
DA:88,2
DA:95,2
DA:96,2
DA:98,2
LF:47
LH:46
BRDA:5,0,0,4
BRDA:15,1,0,4
BRDA:15,1,1,0
BRDA:19,2,0,0
BRDA:28,3,0,0
BRDA:28,3,1,1
BRDA:33,4,0,0
BRDA:41,5,0,0
BRDA:41,5,1,1
BRDA:46,6,0,2
BRDA:48,7,0,3
BRDA:48,7,1,0
BRDA:59,8,0,1
BRDA:59,8,1,2
BRDA:66,9,0,2
BRDA:68,10,0,3
BRDA:68,10,1,0
BRDA:79,11,0,1
BRDA:79,11,1,2
BRDA:86,12,0,0
BRDA:86,13,0,0
BRF:21
BRH:12
end_of_record
