TN:
SF:server.js
FN:16,(anonymous_0)
FN:23,(anonymous_1)
FN:27,normalizePort
FN:43,onError
FN:68,onListening
FNF:5
FNH:3
FNDA:3,(anonymous_0)
FNDA:0,(anonymous_1)
FNDA:3,normalizePort
FNDA:0,onError
FNDA:3,onListening
DA:1,3
DA:2,3
DA:3,3
DA:4,3
DA:5,3
DA:6,3
DA:12,3
DA:14,3
DA:18,3
DA:20,3
DA:21,3
DA:24,0
DA:28,3
DA:30,3
DA:32,0
DA:35,3
DA:37,3
DA:40,0
DA:44,0
DA:45,0
DA:48,0
DA:50,0
DA:52,0
DA:53,0
DA:54,0
DA:56,0
DA:57,0
DA:58,0
DA:60,0
DA:69,3
DA:70,3
DA:71,3
DA:74,3
LF:33
LH:19
BRDA:5,0,0,3
BRDA:5,0,1,3
BRDA:30,1,0,0
BRDA:30,1,1,3
BRDA:35,2,0,3
BRDA:35,2,1,0
BRDA:44,3,0,0
BRDA:44,3,1,0
BRDA:48,4,0,0
BRDA:48,4,1,0
BRDA:50,5,0,0
BRDA:50,5,1,0
BRDA:50,5,2,0
BRDA:70,6,0,0
BRDA:70,6,1,3
BRF:15
BRH:5
end_of_record
TN:
SF:config\db.js
FNF:0
FNH:0
DA:1,3
DA:2,3
DA:4,3
DA:5,3
DA:15,3
LF:5
LH:5
BRDA:4,0,0,3
BRDA:4,0,1,0
BRF:2
BRH:1
end_of_record
TN:
SF:controlller\request.controller.js
FN:11,(anonymous_0)
FN:21,(anonymous_1)
FN:32,(anonymous_2)
FN:39,(anonymous_3)
FN:40,(anonymous_4)
FN:49,(anonymous_5)
FN:61,(anonymous_6)
FN:67,(anonymous_7)
FN:82,(anonymous_8)
FN:117,(anonymous_9)
FNF:10
FNH:7
FNDA:0,(anonymous_0)
FNDA:2,(anonymous_1)
FNDA:2,(anonymous_2)
FNDA:0,(anonymous_3)
FNDA:0,(anonymous_4)
FNDA:8,(anonymous_5)
FNDA:12,(anonymous_6)
FNDA:9,(anonymous_7)
FNDA:2,(anonymous_8)
FNDA:2,(anonymous_9)
DA:1,3
DA:2,3
DA:3,3
DA:4,3
DA:5,3
DA:6,3
DA:7,3
DA:8,3
DA:9,3
DA:11,3
DA:12,0
DA:13,0
DA:14,0
DA:15,0
DA:17,0
DA:21,3
DA:22,2
DA:23,2
DA:24,2
DA:25,2
DA:27,0
DA:32,3
DA:33,2
DA:34,2
DA:35,2
DA:36,2
DA:37,2
DA:38,2
DA:39,2
DA:40,2
DA:41,2
DA:42,2
DA:43,2
DA:45,0
DA:49,3
DA:50,8
DA:51,8
DA:52,8
DA:53,8
DA:54,8
DA:55,8
DA:56,8
DA:57,7
DA:58,7
DA:59,7
DA:60,7
DA:61,12
DA:62,4
DA:65,3
DA:66,3
DA:67,9
DA:68,3
DA:71,0
DA:72,0
DA:73,0
DA:74,0
DA:75,0
DA:77,8
DA:78,8
DA:82,3
DA:83,2
DA:84,2
DA:85,2
DA:86,2
DA:87,2
DA:88,2
DA:89,2
DA:93,0
DA:94,0
DA:98,0
DA:102,0
DA:103,0
DA:104,0
DA:105,0
DA:106,0
DA:107,0
DA:109,2
DA:110,2
DA:117,3
DA:118,2
DA:119,2
DA:120,2
DA:122,0
DA:123,0
DA:125,0
LF:85
LH:61
BRDA:58,0,0,7
BRDA:58,0,1,0
BRDA:60,1,0,4
BRDA:60,1,1,3
BRDA:65,2,0,3
BRDA:65,2,1,0
BRDA:66,3,0,3
BRDA:66,3,1,0
BRDA:88,4,0,2
BRDA:88,4,1,0
BRDA:93,5,0,0
BRDA:93,5,1,0
BRDA:122,6,0,0
BRDA:122,6,1,0
BRF:14
BRH:6
end_of_record
TN:
SF:controlller\station.controller.js
FN:8,(anonymous_0)
FN:12,(anonymous_1)
FN:23,(anonymous_2)
FN:41,(anonymous_3)
FN:54,(anonymous_4)
FN:68,(anonymous_5)
FNF:6
FNH:5
FNDA:1,(anonymous_0)
FNDA:30,(anonymous_1)
FNDA:1,(anonymous_2)
FNDA:1,(anonymous_3)
FNDA:0,(anonymous_4)
FNDA:1,(anonymous_5)
DA:1,3
DA:2,3
DA:8,3
DA:9,1
DA:10,1
DA:11,1
DA:12,30
DA:13,1
DA:15,0
DA:23,3
DA:24,1
DA:25,1
DA:26,1
DA:27,1
DA:28,1
DA:29,1
DA:31,0
DA:34,0
DA:41,3
DA:42,1
DA:43,1
DA:44,1
DA:45,1
DA:47,0
DA:54,3
DA:55,0
DA:56,0
DA:57,0
DA:61,0
DA:62,0
DA:64,0
DA:68,3
DA:69,1
DA:70,1
DA:71,1
DA:73,0
DA:74,0
DA:76,0
LF:38
LH:25
BRDA:27,0,0,1
BRDA:27,0,1,0
BRDA:73,1,0,0
BRDA:73,1,1,0
BRF:4
BRH:1
end_of_record
TN:
SF:model\index.js
FNF:0
FNH:0
DA:1,3
DA:20,3
LF:2
LH:2
BRF:0
BRH:0
end_of_record
TN:
SF:routes\officer\request.js
FN:35,(anonymous_0)
FNF:1
FNH:0
FNDA:0,(anonymous_0)
DA:1,3
DA:2,3
DA:3,3
DA:5,3
DA:10,3
DA:16,3
DA:22,3
DA:28,3
DA:33,3
DA:35,3
DA:36,0
DA:41,3
LF:12
LH:11
BRF:0
BRH:0
end_of_record
TN:
SF:test\helpers\dbHelper.js
FN:3,(anonymous_0)
FN:6,(anonymous_1)
FN:15,(anonymous_2)
FN:17,(anonymous_3)
FNF:4
FNH:4
FNDA:9,(anonymous_0)
FNDA:12,(anonymous_1)
FNDA:10,(anonymous_2)
FNDA:12,(anonymous_3)
DA:1,3
DA:3,3
DA:4,9
DA:5,4
DA:6,12
DA:9,5
DA:10,5
DA:12,9
DA:15,3
DA:16,10
DA:17,12
DA:18,10
DA:19,10
LF:13
LH:13
BRDA:4,0,0,4
BRDA:4,0,1,5
BRDA:17,1,0,4
BRDA:17,1,1,6
BRF:4
BRH:4
end_of_record
TN:
SF:test\helpers\factory.js
FN:5,(anonymous_0)
FN:19,(anonymous_1)
FN:33,(anonymous_2)
FN:46,(anonymous_3)
FN:47,(anonymous_4)
FN:57,(anonymous_5)
FN:63,(anonymous_6)
FN:64,(anonymous_7)
FN:74,(anonymous_8)
FN:80,(anonymous_9)
FNF:10
FNH:9
FNDA:4,(anonymous_0)
FNDA:2,(anonymous_1)
FNDA:2,(anonymous_2)
FNDA:12,(anonymous_3)
FNDA:28,(anonymous_4)
FNDA:12,(anonymous_5)
FNDA:8,(anonymous_6)
FNDA:16,(anonymous_7)
FNDA:0,(anonymous_8)
FNDA:8,(anonymous_9)
DA:1,3
DA:2,3
DA:3,3
DA:5,3
DA:6,4
DA:7,4
DA:8,4
DA:15,4
DA:16,0
DA:19,3
DA:20,2
DA:21,2
DA:22,6
DA:28,2
DA:30,2
DA:33,3
DA:34,2
DA:35,2
DA:36,6
DA:41,2
DA:43,2
DA:46,3
DA:47,28
DA:48,12
DA:50,12
DA:51,28
DA:56,12
DA:57,12
DA:60,12
DA:63,3
DA:64,16
DA:65,8
DA:67,8
DA:68,16
DA:73,8
DA:74,0
DA:77,8
DA:80,3
DA:81,8
DA:82,8
DA:89,8
DA:90,8
DA:92,8
LF:43
LH:41
BRDA:5,0,0,4
BRDA:15,1,0,4
BRDA:15,1,1,0
BRDA:19,2,0,0
BRDA:28,3,0,0
BRDA:28,3,1,2
BRDA:33,4,0,0
BRDA:41,5,0,0
BRDA:41,5,1,2
BRDA:46,6,0,8
BRDA:56,7,0,4
BRDA:56,7,1,8
BRDA:63,8,0,8
BRDA:73,9,0,0
BRDA:73,9,1,8
BRDA:80,10,0,0
BRDA:80,11,0,2
BRF:17
BRH:10
end_of_record
